2024-11-08 19:29:25,835 [INFO] Activator:177 - 


2024-11-08 19:29:25,836 [INFO] Activator:178 - !SESSION log4j initialized
2024-11-08 19:29:34,227 [INFO] McuFinderGlobals:39 - Set McuFinder mode to 2 (CubeIDE integrated)
2024-11-08 19:29:34,300 [INFO] ApplicationProperties:181 - Using Application install path: C:\ST\STM32CubeIDE_1.7.0\STM32CubeIDE\plugins\com.st.stm32cube.common.mx_6.3.0.202107141111
2024-11-08 19:29:34,307 [INFO] DbMcusXml:74 - Set database path to: C:\ST\STM32CubeIDE_1.7.0\STM32CubeIDE\plugins\com.st.stm32cube.common.mx_6.3.0.202107141111\\db\/mcu/
2024-11-08 19:29:34,309 [INFO] DbBoardsPdsc:56 - Set plugin database path to: C:\ST\STM32CubeIDE_1.7.0\STM32CubeIDE\plugins\com.st.stm32cube.common.mx_6.3.0.202107141111\\db\/plugins/boardmanager/
2024-11-08 19:29:34,310 [INFO] DbMcus:258 - Set plugin images path to: C:\ST\STM32CubeIDE_1.7.0\STM32CubeIDE\plugins\com.st.stm32cube.common.mx_6.3.0.202107141111\\db\/plugins/mcufinder/images/
2024-11-08 19:29:34,310 [INFO] DbBoards:264 - Set plugin images path to: C:\ST\STM32CubeIDE_1.7.0\STM32CubeIDE\plugins\com.st.stm32cube.common.mx_6.3.0.202107141111\\db\/plugins/mcufinder/images/
2024-11-08 19:29:34,312 [INFO] DbExamples:333 - Set plugin images path to: C:\ST\STM32CubeIDE_1.7.0\STM32CubeIDE\plugins\com.st.stm32cube.common.mx_6.3.0.202107141111\\db\/plugins/mcufinder/images/
2024-11-08 19:29:34,314 [INFO] DbMcusAds:119 - Set database path to: C:\Users\NGUYEN GIAP\.stmcufinder\plugins\mcufinder//mcu/
2024-11-08 19:29:34,315 [INFO] DbMcusDocs:110 - Set database path to: C:\Users\NGUYEN GIAP\.stmcufinder\plugins\mcufinder//mcu/
2024-11-08 19:29:34,316 [INFO] DbMcusJson:64 - Set database path to: C:\Users\NGUYEN GIAP\.stmcufinder\plugins\mcufinder//mcu/
2024-11-08 19:29:34,316 [INFO] DbBoardsDocs:110 - Set database path to: C:\Users\NGUYEN GIAP\.stmcufinder\plugins\mcufinder//mcu/
2024-11-08 19:29:34,317 [INFO] DbBoardsJson:57 - Set database path to: C:\Users\NGUYEN GIAP\.stmcufinder\plugins\mcufinder//mcu/
2024-11-08 19:29:34,319 [INFO] CrossReferenceDbSqlite:196 - Set database path to: C:\Users\NGUYEN GIAP\.stmcufinder\plugins\mcufinder//mcu/cs/
2024-11-08 19:29:34,321 [INFO] DbExamplesSqlite:767 - Set database path to: C:\Users\NGUYEN GIAP\.stmcufinder\plugins\mcufinder//mcu/
2024-11-08 19:29:34,380 [INFO] RulesReader:57 - Compatibility file has been processed (242 Rules)
2024-11-08 19:29:34,427 [INFO] DbMcusXml:74 - Set database path to: C:\ST\STM32CubeIDE_1.7.0\STM32CubeIDE\plugins\com.st.stm32cube.common.mx_6.3.0.202107141111\\db\/mcu/
2024-11-08 19:29:34,428 [INFO] DbBoardsPdsc:56 - Set plugin database path to: C:\ST\STM32CubeIDE_1.7.0\STM32CubeIDE\plugins\com.st.stm32cube.common.mx_6.3.0.202107141111\\db\/plugins/boardmanager/
2024-11-08 19:29:34,428 [INFO] DbMcus:258 - Set plugin images path to: C:\ST\STM32CubeIDE_1.7.0\STM32CubeIDE\plugins\com.st.stm32cube.common.mx_6.3.0.202107141111\\db\/plugins/mcufinder/images/
2024-11-08 19:29:34,429 [INFO] DbBoards:264 - Set plugin images path to: C:\ST\STM32CubeIDE_1.7.0\STM32CubeIDE\plugins\com.st.stm32cube.common.mx_6.3.0.202107141111\\db\/plugins/mcufinder/images/
2024-11-08 19:29:34,429 [INFO] DbExamples:333 - Set plugin images path to: C:\ST\STM32CubeIDE_1.7.0\STM32CubeIDE\plugins\com.st.stm32cube.common.mx_6.3.0.202107141111\\db\/plugins/mcufinder/images/
2024-11-08 19:29:34,429 [WARN] DbFile:35 - Overriding database path with different value: C:\Users\NGUYEN GIAP\.stmcufinder\plugins\mcufinder/ => C:\Users\NGUYEN GIAP\.stmcufinder\plugins\mcufinder
2024-11-08 19:29:34,429 [INFO] DbMcusAds:119 - Set database path to: C:\Users\NGUYEN GIAP\.stmcufinder\plugins\mcufinder//mcu/
2024-11-08 19:29:34,429 [WARN] DbFile:35 - Overriding database path with different value: C:\Users\NGUYEN GIAP\.stmcufinder\plugins\mcufinder/ => C:\Users\NGUYEN GIAP\.stmcufinder\plugins\mcufinder
2024-11-08 19:29:34,429 [INFO] DbMcusDocs:110 - Set database path to: C:\Users\NGUYEN GIAP\.stmcufinder\plugins\mcufinder//mcu/
2024-11-08 19:29:34,429 [WARN] DbFile:35 - Overriding database path with different value: C:\Users\NGUYEN GIAP\.stmcufinder\plugins\mcufinder/ => C:\Users\NGUYEN GIAP\.stmcufinder\plugins\mcufinder
2024-11-08 19:29:34,429 [INFO] DbMcusJson:64 - Set database path to: C:\Users\NGUYEN GIAP\.stmcufinder\plugins\mcufinder//mcu/
2024-11-08 19:29:34,429 [WARN] DbFile:35 - Overriding database path with different value: C:\Users\NGUYEN GIAP\.stmcufinder\plugins\mcufinder/ => C:\Users\NGUYEN GIAP\.stmcufinder\plugins\mcufinder
2024-11-08 19:29:34,429 [INFO] DbBoardsDocs:110 - Set database path to: C:\Users\NGUYEN GIAP\.stmcufinder\plugins\mcufinder//mcu/
2024-11-08 19:29:34,429 [WARN] DbFile:35 - Overriding database path with different value: C:\Users\NGUYEN GIAP\.stmcufinder\plugins\mcufinder/ => C:\Users\NGUYEN GIAP\.stmcufinder\plugins\mcufinder
2024-11-08 19:29:34,429 [INFO] DbBoardsJson:57 - Set database path to: C:\Users\NGUYEN GIAP\.stmcufinder\plugins\mcufinder//mcu/
2024-11-08 19:29:34,429 [WARN] DbFile:35 - Overriding database path with different value: C:\Users\NGUYEN GIAP\.stmcufinder\plugins\mcufinder/ => C:\Users\NGUYEN GIAP\.stmcufinder\plugins\mcufinder
2024-11-08 19:29:34,430 [WARN] DbFile:35 - Overriding database path with different value: C:\Users\NGUYEN GIAP\.stmcufinder\plugins\mcufinder/ => C:\Users\NGUYEN GIAP\.stmcufinder\plugins\mcufinder
2024-11-08 19:29:34,430 [INFO] CrossReferenceDbSqlite:196 - Set database path to: C:\Users\NGUYEN GIAP\.stmcufinder\plugins\mcufinder//mcu/cs/
2024-11-08 19:29:34,430 [WARN] DbFile:35 - Overriding database path with different value: C:\Users\NGUYEN GIAP\.stmcufinder\plugins\mcufinder/ => C:\Users\NGUYEN GIAP\.stmcufinder\plugins\mcufinder
2024-11-08 19:29:34,430 [INFO] DbExamplesSqlite:767 - Set database path to: C:\Users\NGUYEN GIAP\.stmcufinder\plugins\mcufinder//mcu/
2024-11-08 19:29:34,468 [INFO] MainPanel:214 - HeapMemory: 268435456
2024-11-08 19:29:34,508 [INFO] DbMcusXml:74 - Set database path to: C:\ST\STM32CubeIDE_1.7.0\STM32CubeIDE\plugins\com.st.stm32cube.common.mx_6.3.0.202107141111\\db\/mcu/
2024-11-08 19:29:34,508 [INFO] DbBoardsPdsc:56 - Set plugin database path to: C:\ST\STM32CubeIDE_1.7.0\STM32CubeIDE\plugins\com.st.stm32cube.common.mx_6.3.0.202107141111\\db\/plugins/boardmanager/
2024-11-08 19:29:34,508 [INFO] DbMcus:258 - Set plugin images path to: C:\ST\STM32CubeIDE_1.7.0\STM32CubeIDE\plugins\com.st.stm32cube.common.mx_6.3.0.202107141111\\db\/plugins/mcufinder/images/
2024-11-08 19:29:34,508 [INFO] DbBoards:264 - Set plugin images path to: C:\ST\STM32CubeIDE_1.7.0\STM32CubeIDE\plugins\com.st.stm32cube.common.mx_6.3.0.202107141111\\db\/plugins/mcufinder/images/
2024-11-08 19:29:34,508 [INFO] DbExamples:333 - Set plugin images path to: C:\ST\STM32CubeIDE_1.7.0\STM32CubeIDE\plugins\com.st.stm32cube.common.mx_6.3.0.202107141111\\db\/plugins/mcufinder/images/
2024-11-08 19:29:34,509 [WARN] DbFile:35 - Overriding database path with different value: C:\Users\NGUYEN GIAP\.stmcufinder\plugins\mcufinder/ => C:\Users\NGUYEN GIAP\.stmcufinder\plugins\mcufinder
2024-11-08 19:29:34,509 [INFO] DbMcusAds:119 - Set database path to: C:\Users\NGUYEN GIAP\.stmcufinder\plugins\mcufinder//mcu/
2024-11-08 19:29:34,509 [WARN] DbFile:35 - Overriding database path with different value: C:\Users\NGUYEN GIAP\.stmcufinder\plugins\mcufinder/ => C:\Users\NGUYEN GIAP\.stmcufinder\plugins\mcufinder
2024-11-08 19:29:34,509 [INFO] DbMcusDocs:110 - Set database path to: C:\Users\NGUYEN GIAP\.stmcufinder\plugins\mcufinder//mcu/
2024-11-08 19:29:34,509 [WARN] DbFile:35 - Overriding database path with different value: C:\Users\NGUYEN GIAP\.stmcufinder\plugins\mcufinder/ => C:\Users\NGUYEN GIAP\.stmcufinder\plugins\mcufinder
2024-11-08 19:29:34,509 [INFO] DbMcusJson:64 - Set database path to: C:\Users\NGUYEN GIAP\.stmcufinder\plugins\mcufinder//mcu/
2024-11-08 19:29:34,509 [WARN] DbFile:35 - Overriding database path with different value: C:\Users\NGUYEN GIAP\.stmcufinder\plugins\mcufinder/ => C:\Users\NGUYEN GIAP\.stmcufinder\plugins\mcufinder
2024-11-08 19:29:34,509 [INFO] DbBoardsDocs:110 - Set database path to: C:\Users\NGUYEN GIAP\.stmcufinder\plugins\mcufinder//mcu/
2024-11-08 19:29:34,509 [WARN] DbFile:35 - Overriding database path with different value: C:\Users\NGUYEN GIAP\.stmcufinder\plugins\mcufinder/ => C:\Users\NGUYEN GIAP\.stmcufinder\plugins\mcufinder
2024-11-08 19:29:34,509 [INFO] DbBoardsJson:57 - Set database path to: C:\Users\NGUYEN GIAP\.stmcufinder\plugins\mcufinder//mcu/
2024-11-08 19:29:34,509 [WARN] DbFile:35 - Overriding database path with different value: C:\Users\NGUYEN GIAP\.stmcufinder\plugins\mcufinder/ => C:\Users\NGUYEN GIAP\.stmcufinder\plugins\mcufinder
2024-11-08 19:29:34,509 [WARN] DbFile:35 - Overriding database path with different value: C:\Users\NGUYEN GIAP\.stmcufinder\plugins\mcufinder/ => C:\Users\NGUYEN GIAP\.stmcufinder\plugins\mcufinder
2024-11-08 19:29:34,509 [INFO] CrossReferenceDbSqlite:196 - Set database path to: C:\Users\NGUYEN GIAP\.stmcufinder\plugins\mcufinder//mcu/cs/
2024-11-08 19:29:34,509 [WARN] DbFile:35 - Overriding database path with different value: C:\Users\NGUYEN GIAP\.stmcufinder\plugins\mcufinder/ => C:\Users\NGUYEN GIAP\.stmcufinder\plugins\mcufinder
2024-11-08 19:29:34,509 [INFO] DbExamplesSqlite:767 - Set database path to: C:\Users\NGUYEN GIAP\.stmcufinder\plugins\mcufinder//mcu/
2024-11-08 19:29:34,526 [INFO] ApplicationProperties:181 - Using Application install path: C:\ST\STM32CubeIDE_1.7.0\STM32CubeIDE\plugins\com.st.stm32cube.common.mx_6.3.0.202107141111
2024-11-08 19:29:34,527 [INFO] PluginManage:188 - Search for loadable plugins [exclusion list=, ]
2024-11-08 19:29:34,528 [INFO] PluginManage:302 - Check plugin analytics
2024-11-08 19:29:34,622 [INFO] AnalyticsPlugin:257 - Accepted Software Licenses: 
2024-11-08 19:29:34,622 [INFO] AnalyticsPlugin:259 - Accepted CMSIS Pack Licenses: 
2024-11-08 19:29:34,622 [INFO] AnalyticsPlugin:261 - Accepted Firmware Licenses: 
2024-11-08 19:29:34,622 [INFO] PluginManage:352 - Loaded plugin analytics (category:tool,tabindex:-1)
2024-11-08 19:29:34,623 [INFO] PluginManage:302 - Check plugin clock
2024-11-08 19:29:34,630 [INFO] PluginManage:352 - Loaded plugin clock (category:base,tabindex:2)
2024-11-08 19:29:34,630 [INFO] PluginManage:302 - Check plugin ddr
2024-11-08 19:29:34,632 [INFO] PluginManage:352 - Loaded plugin ddr (category:tool,tabindex:6)
2024-11-08 19:29:34,632 [INFO] PluginManage:302 - Check plugin filemanager
2024-11-08 19:29:34,734 [INFO] PluginManage:352 - Loaded plugin filemanager (category:base,tabindex:10)
2024-11-08 19:29:34,734 [INFO] PluginManage:302 - Check plugin ipmanager
2024-11-08 19:29:34,739 [INFO] PluginManage:352 - Loaded plugin ipmanager (category:base,tabindex:5)
2024-11-08 19:29:34,740 [INFO] PluginManage:302 - Check plugin pinoutandconfiguration
2024-11-08 19:29:34,745 [INFO] PluginManage:352 - Loaded plugin pinoutandconfiguration (category:base,tabindex:1)
2024-11-08 19:29:34,745 [INFO] PluginManage:302 - Check plugin pinoutconfig
2024-11-08 19:29:34,763 [INFO] PluginManage:352 - Loaded plugin pinoutconfig (category:base,tabindex:0)
2024-11-08 19:29:34,764 [INFO] PluginManage:302 - Check plugin power
2024-11-08 19:29:34,769 [INFO] PluginManage:352 - Loaded plugin power (category:power,tabindex:4)
2024-11-08 19:29:34,769 [INFO] PluginManage:302 - Check plugin projectmanager
2024-11-08 19:29:34,781 [INFO] PluginManage:352 - Loaded plugin projectmanager (category:projectmanager,tabindex:3)
2024-11-08 19:29:34,782 [INFO] PluginManage:302 - Check plugin thirdparty
2024-11-08 19:29:34,858 [INFO] PluginManage:352 - Loaded plugin thirdparty (category:base,tabindex:-1)
2024-11-08 19:29:34,858 [INFO] PluginManage:302 - Check plugin tools
2024-11-08 19:29:34,858 [WARN] IntegrityCheckThread:78 - waiting for thirdparty lock release [integrity check]
2024-11-08 19:29:34,859 [INFO] IntegrityCheckThread:80 - entering critical section [integrity check]
2024-11-08 19:29:34,859 [INFO] ThirdPartyUpdaterWithRetryManager:66 - Updater plugin not ready yet. [1/15]
2024-11-08 19:29:34,860 [INFO] PluginManage:352 - Loaded plugin tools (category:base,tabindex:7)
2024-11-08 19:29:34,862 [INFO] PluginManage:302 - Check plugin tutovideos
2024-11-08 19:29:34,987 [INFO] PluginManage:352 - Loaded plugin tutovideos (category:base,tabindex:-1)
2024-11-08 19:29:34,987 [INFO] PluginManage:302 - Check plugin updater
2024-11-08 19:29:34,996 [INFO] PluginManage:352 - Loaded plugin updater (category:base,tabindex:12)
2024-11-08 19:29:34,996 [INFO] PluginManage:275 - PluginManage : Loaded plugins [13]
2024-11-08 19:29:35,101 [INFO] PinOutPanel:1463 - setPackage(No Configuration,No Configuration)
2024-11-08 19:29:35,157 [INFO] IPUIPlugin:74 - create IPUIPlugin
2024-11-08 19:29:35,157 [INFO] PluginManager:213 - loadIPPluginJar : add adc
2024-11-08 19:29:35,159 [INFO] IPUIPlugin:74 - create IPUIPlugin
2024-11-08 19:29:35,159 [INFO] PluginManager:213 - loadIPPluginJar : add aes
2024-11-08 19:29:35,161 [INFO] IPUIPlugin:74 - create IPUIPlugin
2024-11-08 19:29:35,161 [INFO] PluginManager:213 - loadIPPluginJar : add can
2024-11-08 19:29:35,162 [INFO] IPUIPlugin:74 - create IPUIPlugin
2024-11-08 19:29:35,162 [INFO] PluginManager:213 - loadIPPluginJar : add comp
2024-11-08 19:29:35,163 [INFO] IPUIPlugin:74 - create IPUIPlugin
2024-11-08 19:29:35,163 [INFO] PluginManager:213 - loadIPPluginJar : add cryp
2024-11-08 19:29:35,165 [INFO] IPUIPlugin:74 - create IPUIPlugin
2024-11-08 19:29:35,165 [INFO] PluginManager:213 - loadIPPluginJar : add dfsdm
2024-11-08 19:29:35,168 [INFO] IPUIPlugin:74 - create IPUIPlugin
2024-11-08 19:29:35,169 [INFO] PluginManager:213 - loadIPPluginJar : add dma
2024-11-08 19:29:35,170 [INFO] IPUIPlugin:74 - create IPUIPlugin
2024-11-08 19:29:35,170 [INFO] PluginManager:213 - loadIPPluginJar : add dma3
2024-11-08 19:29:35,171 [INFO] IPUIPlugin:74 - create IPUIPlugin
2024-11-08 19:29:35,172 [INFO] PluginManager:213 - loadIPPluginJar : add fatfs
2024-11-08 19:29:35,175 [INFO] IPUIPlugin:74 - create IPUIPlugin
2024-11-08 19:29:35,175 [INFO] PluginManager:213 - loadIPPluginJar : add fmc
2024-11-08 19:29:35,178 [INFO] IPUIPlugin:74 - create IPUIPlugin
2024-11-08 19:29:35,178 [INFO] PluginManager:213 - loadIPPluginJar : add freertos
2024-11-08 19:29:35,179 [INFO] IPUIPlugin:74 - create IPUIPlugin
2024-11-08 19:29:35,179 [INFO] PluginManager:213 - loadIPPluginJar : add genericplugin
2024-11-08 19:29:35,181 [INFO] IPUIPlugin:74 - create IPUIPlugin
2024-11-08 19:29:35,181 [INFO] PluginManager:213 - loadIPPluginJar : add gfxmmu
2024-11-08 19:29:35,184 [INFO] IPUIPlugin:74 - create IPUIPlugin
2024-11-08 19:29:35,184 [INFO] PluginManager:213 - loadIPPluginJar : add gic
2024-11-08 19:29:35,188 [INFO] IPUIPlugin:74 - create IPUIPlugin
2024-11-08 19:29:35,188 [INFO] PluginManager:213 - loadIPPluginJar : add gpio
2024-11-08 19:29:35,189 [INFO] IPUIPlugin:74 - create IPUIPlugin
2024-11-08 19:29:35,190 [INFO] PluginManager:213 - loadIPPluginJar : add gtzc
2024-11-08 19:29:35,191 [INFO] IPUIPlugin:74 - create IPUIPlugin
2024-11-08 19:29:35,191 [INFO] PluginManager:213 - loadIPPluginJar : add hash
2024-11-08 19:29:35,192 [INFO] IPUIPlugin:74 - create IPUIPlugin
2024-11-08 19:29:35,193 [INFO] PluginManager:213 - loadIPPluginJar : add i2c
2024-11-08 19:29:35,194 [INFO] IPUIPlugin:74 - create IPUIPlugin
2024-11-08 19:29:35,194 [INFO] PluginManager:213 - loadIPPluginJar : add i2s
2024-11-08 19:29:35,196 [INFO] IPUIPlugin:74 - create IPUIPlugin
2024-11-08 19:29:35,196 [INFO] PluginManager:213 - loadIPPluginJar : add ipddr
2024-11-08 19:29:35,201 [INFO] IPUIPlugin:74 - create IPUIPlugin
2024-11-08 19:29:35,201 [INFO] PluginManager:213 - loadIPPluginJar : add linkedlist
2024-11-08 19:29:35,203 [INFO] IPUIPlugin:74 - create IPUIPlugin
2024-11-08 19:29:35,203 [INFO] PluginManager:213 - loadIPPluginJar : add lorawan
2024-11-08 19:29:35,204 [INFO] IPUIPlugin:74 - create IPUIPlugin
2024-11-08 19:29:35,204 [INFO] PluginManager:213 - loadIPPluginJar : add ltdc
2024-11-08 19:29:35,206 [INFO] IPUIPlugin:74 - create IPUIPlugin
2024-11-08 19:29:35,206 [INFO] PluginManager:213 - loadIPPluginJar : add mdma
2024-11-08 19:29:35,208 [INFO] IPUIPlugin:74 - create IPUIPlugin
2024-11-08 19:29:35,208 [INFO] PluginManager:213 - loadIPPluginJar : add nvic
2024-11-08 19:29:35,210 [INFO] IPUIPlugin:74 - create IPUIPlugin
2024-11-08 19:29:35,210 [INFO] PluginManager:213 - loadIPPluginJar : add opamp
2024-11-08 19:29:35,212 [INFO] IPUIPlugin:74 - create IPUIPlugin
2024-11-08 19:29:35,212 [INFO] PluginManager:213 - loadIPPluginJar : add openamp
2024-11-08 19:29:35,214 [INFO] IPUIPlugin:74 - create IPUIPlugin
2024-11-08 19:29:35,214 [INFO] PluginManager:213 - loadIPPluginJar : add pdm2pcm
2024-11-08 19:29:35,218 [INFO] IPUIPlugin:74 - create IPUIPlugin
2024-11-08 19:29:35,220 [INFO] PluginManager:213 - loadIPPluginJar : add plateformsettings
2024-11-08 19:29:35,221 [INFO] IPUIPlugin:74 - create IPUIPlugin
2024-11-08 19:29:35,221 [INFO] PluginManager:213 - loadIPPluginJar : add quadspi
2024-11-08 19:29:35,223 [INFO] IPUIPlugin:74 - create IPUIPlugin
2024-11-08 19:29:35,223 [INFO] PluginManager:213 - loadIPPluginJar : add resmgrutility
2024-11-08 19:29:35,225 [INFO] IPUIPlugin:74 - create IPUIPlugin
2024-11-08 19:29:35,225 [INFO] PluginManager:213 - loadIPPluginJar : add sai
2024-11-08 19:29:35,227 [INFO] IPUIPlugin:74 - create IPUIPlugin
2024-11-08 19:29:35,227 [INFO] PluginManager:213 - loadIPPluginJar : add spi
2024-11-08 19:29:35,229 [INFO] IPUIPlugin:74 - create IPUIPlugin
2024-11-08 19:29:35,229 [INFO] PluginManager:213 - loadIPPluginJar : add stm32_wpan
2024-11-08 19:29:35,230 [INFO] IPUIPlugin:74 - create IPUIPlugin
2024-11-08 19:29:35,230 [INFO] PluginManager:213 - loadIPPluginJar : add tim
2024-11-08 19:29:35,232 [INFO] IPUIPlugin:74 - create IPUIPlugin
2024-11-08 19:29:35,232 [INFO] PluginManager:213 - loadIPPluginJar : add touchsensing
2024-11-08 19:29:35,233 [INFO] IPUIPlugin:74 - create IPUIPlugin
2024-11-08 19:29:35,234 [INFO] PluginManager:213 - loadIPPluginJar : add tracer_emb
2024-11-08 19:29:35,235 [INFO] IPUIPlugin:74 - create IPUIPlugin
2024-11-08 19:29:35,235 [INFO] PluginManager:213 - loadIPPluginJar : add ts
2024-11-08 19:29:35,236 [INFO] IPUIPlugin:74 - create IPUIPlugin
2024-11-08 19:29:35,236 [INFO] PluginManager:213 - loadIPPluginJar : add tsc
2024-11-08 19:29:35,236 [INFO] IPUIPlugin:74 - create IPUIPlugin
2024-11-08 19:29:35,237 [INFO] PluginManager:213 - loadIPPluginJar : add ucpd
2024-11-08 19:29:35,238 [INFO] IPUIPlugin:74 - create IPUIPlugin
2024-11-08 19:29:35,238 [INFO] PluginManager:213 - loadIPPluginJar : add usart
2024-11-08 19:29:35,240 [INFO] IPUIPlugin:74 - create IPUIPlugin
2024-11-08 19:29:35,240 [INFO] PluginManager:213 - loadIPPluginJar : add usbx
2024-11-08 19:29:35,459 [FATAL] Updater:294 - Updater called before beeing initialized
2024-11-08 19:29:35,528 [FATAL] Updater:294 - Updater called before beeing initialized
2024-11-08 19:29:35,532 [INFO] DbMcusAds:47 - JSON generation date=Fri Sep 20 20:04:38 ICT 2024 (1726837478367)
2024-11-08 19:29:35,532 [FATAL] Updater:294 - Updater called before beeing initialized
2024-11-08 19:29:35,556 [WARN] DetailPanel:314 - Failed to get advertising image, set to default
2024-11-08 19:29:35,621 [FATAL] Updater:294 - Updater called before beeing initialized
2024-11-08 19:29:35,623 [FATAL] Updater:294 - Updater called before beeing initialized
2024-11-08 19:29:35,623 [FATAL] Updater:294 - Updater called before beeing initialized
2024-11-08 19:29:35,623 [WARN] DetailPanel:314 - Failed to get advertising image, set to default
2024-11-08 19:29:35,624 [FATAL] Updater:294 - Updater called before beeing initialized
2024-11-08 19:29:35,659 [ERROR] Updater:1075 - MainUpdater not yet initialized. External WinMGr cannot be set.
2024-11-08 19:29:35,660 [INFO] Updater:1012 - Updater Version found : 6.3.0
2024-11-08 19:29:35,672 [INFO] ApplicationProperties:181 - Using Application install path: C:\ST\STM32CubeIDE_1.7.0\STM32CubeIDE\plugins\com.st.stm32cube.common.mx_6.3.0.202107141111
2024-11-08 19:29:35,880 [INFO] MainUpdater:2671 - connection check result : 10
2024-11-08 19:29:35,881 [INFO] MainUpdater:265 - Updater Check For Update Now.
2024-11-08 19:29:35,881 [INFO] MicroXplorer:478 - Change Database Version : DB.6.0.30
2024-11-08 19:29:36,034 [INFO] CheckServerUpdateThread:112 - End of CheckServer Thread
2024-11-08 19:29:36,109 [INFO] MainUpdater:2671 - connection check result : 10
2024-11-08 19:29:36,229 [INFO] McuFinderGlobals:52 - Set McuFinderConnectedMode to false
2024-11-08 19:29:36,301 [INFO] CrossSelectorPresenter:1330 - Cross Selector saved comparison directory: C:\Users\NGUYEN GIAP\.stmcufinder\plugins\mcufinder\mcu\cs_comparisons_mx
2024-11-08 19:29:36,305 [INFO] MultiScanPanel:197 - Auto-refresh data requested => check proxy status ongoing
2024-11-08 19:29:36,306 [INFO] MultiScanPanel:201 - Proxy status is invalid
2024-11-08 19:29:36,312 [INFO] FinderPluginLoader:87 - Searching for filters in installed packs
2024-11-08 19:29:36,315 [INFO] DbMcusXml:100 - Load MCU database from C:\ST\STM32CubeIDE_1.7.0\STM32CubeIDE\plugins\com.st.stm32cube.common.mx_6.3.0.202107141111\\db\/mcu/families.xml
2024-11-08 19:29:37,068 [INFO] DbMcusJson:93 - JSON generation date=Tue Nov 16 23:17:54 ICT 2021 (1637079474)
2024-11-08 19:29:37,658 [INFO] DbMcus:175 - Found 1951 MCUs (1903 are supported by CubeMX, 1914 are visible in CubeMX)
2024-11-08 19:29:37,658 [INFO] ApiDb:251 - Load user favorites file C:\Users\NGUYEN GIAP/.stm32cubeide/favorites.mcus.txt: 0 item(s)
2024-11-08 19:29:37,659 [INFO] ApiDb:255 - User favorites MCUs=[]
2024-11-08 19:29:37,659 [INFO] DbMcus:187 - Set 0 / 0 favorites MCUs
2024-11-08 19:29:37,965 [ERROR] Engine:463 - C:\Users\NGUYEN GIAP\.stm32cubemx\thirdparties\pdsc\STMicroelectronics.FP-SNS-MOTENVWB1.1.4.0.pdsc: PDSC version is not supported
2024-11-08 19:29:37,968 [ERROR] Engine:463 - C:\Users\NGUYEN GIAP\.stm32cubemx\thirdparties\pdsc\STMicroelectronics.X-CUBE-SMBUS.2.1.0.pdsc: PDSC version is not supported
2024-11-08 19:29:37,991 [WARN] PackLoader:238 - Cannot read IP mode file for STMicroelectronics.X-CUBE-WB05N.1.1.0
2024-11-08 19:29:38,045 [WARN] PackLoader:238 - Cannot read IP mode file for STMicroelectronics.X-CUBE-AZRTOS-F7.1.1.0
2024-11-08 19:29:38,063 [INFO] DetailPanel:309 - Set advertising image to C:/Users/NGUYEN GIAP/STM32Cube/Repository/\en.prom-stm32c071-usb-memories-mcu-finder.png
2024-11-08 19:29:38,143 [WARN] PackLoader:238 - Cannot read IP mode file for STMicroelectronics.X-CUBE-MEMS1.11.0.0
2024-11-08 19:29:38,362 [ERROR] Engine:463 - C:\Users\NGUYEN GIAP\.stm32cubemx\thirdparties\pdsc\STMicroelectronics.FP-SNS-FLIGHT1.5.0.2.pdsc: PDSC version is not supported
2024-11-08 19:29:38,364 [ERROR] Engine:463 - C:\Users\NGUYEN GIAP\.stm32cubemx\thirdparties\pdsc\STMicroelectronics.X-CUBE-DISPLAY.3.0.0.pdsc: PDSC version is not supported
2024-11-08 19:29:38,367 [WARN] PackLoader:238 - Cannot read IP mode file for STMicroelectronics.X-CUBE-BLE1.7.0.0
2024-11-08 19:29:38,373 [WARN] PackLoader:238 - Cannot read IP mode file for STMicroelectronics.X-CUBE-NFC10.1.0.0
2024-11-08 19:29:38,376 [ERROR] Engine:463 - C:\Users\NGUYEN GIAP\.stm32cubemx\thirdparties\pdsc\emotas.I-CUBE-CANOPEN.1.3.0.pdsc: PDSC version is not supported
2024-11-08 19:29:38,379 [ERROR] Engine:463 - C:\Users\NGUYEN GIAP\.stm32cubemx\thirdparties\pdsc\STMicroelectronics.X-CUBE-BLEMGR.3.1.0.pdsc: PDSC version is not supported
2024-11-08 19:29:38,381 [ERROR] Engine:463 - C:\Users\NGUYEN GIAP\.stm32cubemx\thirdparties\pdsc\STMicroelectronics.FP-SNS-SMARTAG2.1.2.0.pdsc: PDSC version is not supported
2024-11-08 19:29:38,389 [INFO] LogOutputStream:76 - [STDOUT_REDIRECT] 1 : Invalid condition id : UX_CORESTACK_Condition cause : null
2024-11-08 19:29:38,390 [INFO] LogOutputStream:76 - [STDOUT_REDIRECT] 1 : Invalid condition id : UX_CORESTACK_Condition cause : null
2024-11-08 19:29:38,391 [INFO] LogOutputStream:76 - [STDOUT_REDIRECT] 1 : Invalid condition id : UX_CORESTACK_Condition cause : null
2024-11-08 19:29:38,392 [INFO] LogOutputStream:76 - [STDOUT_REDIRECT] 1 : Invalid condition id : UX_CORESTACK_Condition cause : null
2024-11-08 19:29:38,393 [INFO] LogOutputStream:76 - [STDOUT_REDIRECT] 1 : Invalid condition id : UX_CORESTACK_Condition cause : null
2024-11-08 19:29:38,396 [WARN] PackLoader:238 - Cannot read IP mode file for STMicroelectronics.X-CUBE-AZRTOS-WL.2.0.0
2024-11-08 19:29:38,398 [ERROR] Engine:463 - C:\Users\NGUYEN GIAP\.stm32cubemx\thirdparties\pdsc\STMicroelectronics.FP-SNS-MOTENV1.5.0.0.pdsc: PDSC version is not supported
2024-11-08 19:29:38,400 [WARN] PackLoader:238 - Cannot read IP mode file for wolfSSL.I-CUBE-wolfMQTT.1.19.0
2024-11-08 19:29:38,406 [WARN] PackLoader:238 - Cannot read IP mode file for WES.I-CUBE-Cesium.1.3.0
2024-11-08 19:29:38,410 [WARN] PackLoader:238 - Cannot read IP mode file for STMicroelectronics.X-CUBE-BLE2.3.3.0
2024-11-08 19:29:38,414 [WARN] PackLoader:238 - Cannot read IP mode file for STMicroelectronics.X-CUBE-NFC9.1.0.0
2024-11-08 19:29:38,418 [ERROR] Engine:463 - C:\Users\NGUYEN GIAP\.stm32cubemx\thirdparties\pdsc\STMicroelectronics.X-CUBE-TCPP.4.1.0.pdsc: PDSC version is not supported
2024-11-08 19:29:38,431 [WARN] PackLoader:238 - Cannot read IP mode file for STMicroelectronics.X-CUBE-AZRTOS-G0.1.1.0
2024-11-08 19:29:38,438 [WARN] PackLoader:238 - Cannot read IP mode file for STMicroelectronics.X-CUBE-SAFEA1.1.2.2
2024-11-08 19:29:38,445 [WARN] PackLoader:238 - Cannot read IP mode file for STMicroelectronics.X-CUBE-NFC4.3.0.0
2024-11-08 19:29:38,449 [ERROR] Engine:463 - C:\Users\NGUYEN GIAP\.stm32cubemx\thirdparties\pdsc\EmbeddedOffice.I-CUBE-FS-RTOS.1.0.1.pdsc: PDSC version is not supported
2024-11-08 19:29:38,452 [ERROR] Engine:463 - C:\Users\NGUYEN GIAP\.stm32cubemx\thirdparties\pdsc\RealThread.X-CUBE-RT-Thread_Nano.4.1.1.pdsc: PDSC version is not supported
2024-11-08 19:29:38,455 [WARN] PackLoader:238 - Cannot read IP mode file for STMicroelectronics.FP-ATR-SIGFOX1.3.2.0
2024-11-08 19:29:38,459 [WARN] PackLoader:238 - Cannot read IP mode file for wolfSSL.I-CUBE-wolfSSL.5.7.2
2024-11-08 19:29:38,464 [WARN] PackLoader:238 - Cannot read IP mode file for STMicroelectronics.X-CUBE-EEPRMA1.5.1.0
2024-11-08 19:29:38,468 [ERROR] Engine:463 - C:\Users\NGUYEN GIAP\.stm32cubemx\thirdparties\pdsc\ITTIA_DB.I-CUBE-ITTIADB.8.9.0.pdsc: PDSC version is not supported
2024-11-08 19:29:38,491 [WARN] PackLoader:238 - Cannot read IP mode file for SEGGER.I-CUBE-embOS.1.3.1
2024-11-08 19:29:38,503 [INFO] DbBoardsPdsc:90 - Found 25 items
2024-11-08 19:29:38,504 [INFO] DbBoardsPdsc:90 - Found 9 items
2024-11-08 19:29:38,507 [INFO] DbBoardsPdsc:90 - Found 33 items
2024-11-08 19:29:38,518 [INFO] DbBoardsPdsc:90 - Found 1 items
2024-11-08 19:29:38,523 [INFO] DbBoardsPdsc:90 - Found 48 items
2024-11-08 19:29:38,528 [INFO] DbBoardsPdsc:90 - Found 43 items
2024-11-08 19:29:38,529 [INFO] DbBoardsPdsc:90 - Found 2 items
2024-11-08 19:29:38,531 [INFO] DbBoardsPdsc:90 - Found 5 items
2024-11-08 19:29:38,533 [WARN] PackLoader:238 - Cannot read IP mode file for STMicroelectronics.X-CUBE-ALGOBUILD.1.4.0
2024-11-08 19:29:38,534 [WARN] DbBoardsPdsc:254 - Board STM32H7B3I-DK: unknown feature type=Audio, name=, username=Audio stereo codec with Headphone Amp (CS42L51-CNZ), n=1
2024-11-08 19:29:38,534 [WARN] DbBoardsPdsc:254 - Board STM32H735G-DK: unknown feature type=Audio, name=, username=Audio stereo codec with Headphone Amp (WM8994ECS/R), n=1
2024-11-08 19:29:38,536 [WARN] DbBoardsPdsc:254 - Board STM32H7B3I-EVAL: unknown feature type=Audio, name=, username=Multi-Channel Audio Codec (CS42L51-CNZ), n=1
2024-11-08 19:29:38,536 [WARN] DbBoardsPdsc:254 - Board STM32H7B3I-EVAL: unknown feature type=Meter, name=, username=Power-metering and Temperature-monitoring with sigma-delta modulators, n=1
2024-11-08 19:29:38,536 [WARN] DbBoardsPdsc:254 - Board STM32H7B3I-EVAL: unknown feature type=Motor, name=, username=Motor Control, n=1
2024-11-08 19:29:38,536 [WARN] PackLoader:238 - Cannot read IP mode file for STMicroelectronics.X-CUBE-AI.9.1.0
2024-11-08 19:29:38,536 [WARN] DbBoardsPdsc:254 - Board STM32U575I-EV: unknown feature type=joystick, name=, username=4-direction joystick with selection button, n=1
2024-11-08 19:29:38,540 [WARN] PackLoader:238 - Cannot read IP mode file for STMicroelectronics.X-CUBE-GNSS1.6.0.0
2024-11-08 19:29:38,551 [INFO] DbBoardsJson:86 - JSON generation date=Tue Nov 16 23:17:54 ICT 2021 (1637079474)
2024-11-08 19:29:38,555 [WARN] PackLoader:238 - Cannot read IP mode file for STMicroelectronics.X-CUBE-AZRTOS-F4.1.1.0
2024-11-08 19:29:38,556 [INFO] DbBoards:117 - Found 167 boards (163 are supported by CubeMX)
2024-11-08 19:29:38,558 [INFO] DbBoardsDocs:143 - JSON generation date=Tue Nov 16 23:17:54 ICT 2021 (1637079474)
2024-11-08 19:29:38,560 [WARN] PackLoader:238 - Cannot read IP mode file for STMicroelectronics.X-CUBE-ISPU.2.1.0
2024-11-08 19:29:38,561 [INFO] DbBoardsDocs:79 - Found 209 boards documents
2024-11-08 19:29:38,561 [WARN] DbBoards:127 - board B-L475E-IOT01A2 has no document id list !
2024-11-08 19:29:38,562 [ERROR] Engine:463 - C:\Users\NGUYEN GIAP\.stm32cubemx\thirdparties\pdsc\STMicroelectronics.X-CUBE-FREERTOS.1.2.0.pdsc: PDSC version is not supported
2024-11-08 19:29:38,562 [WARN] DbBoards:127 - board NUCLEO-H743ZI has no document id list !
2024-11-08 19:29:38,563 [WARN] DbBoards:127 - board NUCLEO-WL55JC2 has no document id list !
2024-11-08 19:29:38,563 [WARN] DbBoards:127 - board P-NUCLEO-WB55-Nucleo has no document id list !
2024-11-08 19:29:38,564 [WARN] DbBoards:127 - board P-NUCLEO-WB55-USBDongle has no document id list !
2024-11-08 19:29:38,564 [WARN] DbBoards:127 - board STEVAL-BFA001V1B has no document id list !
2024-11-08 19:29:38,564 [WARN] DbBoards:127 - board STEVAL-BFA001V2B has no document id list !
2024-11-08 19:29:38,564 [WARN] DbBoards:127 - board STEVAL-IDP005V1 has no document id list !
2024-11-08 19:29:38,564 [WARN] DbBoards:127 - board STEVAL-IDP005V2 has no document id list !
2024-11-08 19:29:38,564 [WARN] DbBoards:127 - board STEVAL-MKSBOX1V1 has no document id list !
2024-11-08 19:29:38,564 [WARN] DbBoards:127 - board STEVAL-STWINKT1 has no document id list !
2024-11-08 19:29:38,564 [WARN] DbBoards:127 - board STEVAL-STWINKT1B has no document id list !
2024-11-08 19:29:38,564 [WARN] DbBoards:127 - board STM32439I-EVAL2 has no document id list !
2024-11-08 19:29:38,564 [WARN] DbBoards:127 - board STM32F401C-DISCO has no document id list !
2024-11-08 19:29:38,565 [WARN] DbBoards:127 - board STM32F769I-DISC1 has no document id list !
2024-11-08 19:29:38,565 [WARN] DbBoards:127 - board STM32G474E-EVAL1 has no document id list !
2024-11-08 19:29:38,565 [WARN] DbBoards:127 - board STM32H743I-EVAL2 has no document id list !
2024-11-08 19:29:38,565 [WARN] DbBoards:127 - board STM32H747I-DISC1 has no document id list !
2024-11-08 19:29:38,566 [WARN] DbBoards:127 - board STM32H753I-EVAL2 has no document id list !
2024-11-08 19:29:38,566 [WARN] DbBoards:127 - board STM32L-DISCOVERY has no document id list !
2024-11-08 19:29:38,576 [WARN] PackLoader:238 - Cannot read IP mode file for STMicroelectronics.X-CUBE-AZRTOS-L5.2.0.0
2024-11-08 19:29:38,584 [WARN] PackLoader:238 - Cannot read IP mode file for STMicroelectronics.X-CUBE-NFC6.3.1.0
2024-11-08 19:29:38,588 [ERROR] Engine:463 - C:\Users\NGUYEN GIAP\.stm32cubemx\thirdparties\pdsc\STMicroelectronics.X-CUBE-DPower.1.2.0.pdsc: PDSC version is not supported
2024-11-08 19:29:38,590 [WARN] PackLoader:238 - Cannot read IP mode file for STMicroelectronics.X-CUBE-AI.9.0.0
2024-11-08 19:29:38,594 [WARN] PackLoader:238 - Cannot read IP mode file for STMicroelectronics.X-CUBE-NFC7.1.0.1
2024-11-08 19:29:38,610 [WARN] ConditionMgr:437 - getConditionDescription Invalid condition id : LAN8742 Phy interface Condition cause : null
2024-11-08 19:29:38,611 [WARN] PackLoader:238 - Cannot read IP mode file for STMicroelectronics.X-CUBE-AZRTOS-L4.2.0.0
2024-11-08 19:29:38,612 [WARN] ConditionMgr:1038 - genDependencies : Invalid condition id : LAN8742 Phy interface Condition cause : null
2024-11-08 19:29:38,612 [WARN] ConditionMgr:1038 - genDependencies : Invalid condition id : LAN8742 Phy interface Condition cause : null
2024-11-08 19:29:38,613 [WARN] ConditionMgr:1038 - genDependencies : Invalid condition id : LAN8742 Phy interface Condition cause : null
2024-11-08 19:29:38,618 [WARN] PackLoader:238 - Cannot read IP mode file for STMicroelectronics.X-CUBE-SFXS2LP1.4.0.0
2024-11-08 19:29:38,645 [WARN] PackLoader:238 - Cannot read IP mode file for STMicroelectronics.X-CUBE-AZRTOS-H7.3.3.0
2024-11-08 19:29:38,652 [ERROR] Engine:463 - C:\Users\NGUYEN GIAP\.stm32cubemx\thirdparties\pdsc\STMicroelectronics.X-CUBE-IPS.3.0.0.pdsc: PDSC version is not supported
2024-11-08 19:29:38,669 [WARN] ConditionMgr:437 - getConditionDescription Invalid condition id : UX DEVICE CLASS RTOS Condition cause : null
2024-11-08 19:29:38,670 [WARN] ConditionMgr:437 - getConditionDescription Invalid condition id : UX DEVICE CLASS RTOS Condition cause : null
2024-11-08 19:29:38,673 [WARN] PackLoader:238 - Cannot read IP mode file for STMicroelectronics.X-CUBE-AZRTOS-WB.2.0.0
2024-11-08 19:29:38,674 [WARN] ConditionMgr:1038 - genDependencies : Invalid condition id : UX DEVICE CLASS RTOS Condition cause : null
2024-11-08 19:29:38,674 [WARN] ConditionMgr:1038 - genDependencies : Invalid condition id : UX DEVICE CLASS RTOS Condition cause : null
2024-11-08 19:29:38,674 [WARN] ConditionMgr:1038 - genDependencies : Invalid condition id : UX DEVICE CLASS RTOS Condition cause : null
2024-11-08 19:29:38,675 [WARN] ConditionMgr:1038 - genDependencies : Invalid condition id : UX DEVICE CLASS RTOS Condition cause : null
2024-11-08 19:29:38,675 [WARN] ConditionMgr:1038 - genDependencies : Invalid condition id : UX DEVICE CLASS RTOS Condition cause : null
2024-11-08 19:29:38,679 [WARN] PackLoader:238 - Cannot read IP mode file for STMicroelectronics.X-CUBE-GNSS1.7.0.0
2024-11-08 19:29:38,682 [ERROR] Engine:463 - C:\Users\NGUYEN GIAP\.stm32cubemx\thirdparties\pdsc\STMicroelectronics.FP-SNS-STBOX1.2.0.0.pdsc: PDSC version is not supported
2024-11-08 19:29:38,684 [ERROR] DbBoards:189 - Image file not found for board B-U585I-IOT02A: C:\ST\STM32CubeIDE_1.7.0\STM32CubeIDE\plugins\com.st.stm32cube.common.mx_6.3.0.202107141111\\db\/plugins/mcufinder/images/boards/B-U585I-IOT02A_small.jpg
2024-11-08 19:29:38,692 [WARN] PackLoader:238 - Cannot read IP mode file for STMicroelectronics.X-CUBE-SUBG2.5.0.0
2024-11-08 19:29:38,699 [ERROR] Engine:463 - C:\Users\NGUYEN GIAP\.stm32cubemx\thirdparties\pdsc\Cesanta.I-CUBE-Mongoose.7.13.0.pdsc: PDSC version is not supported
2024-11-08 19:29:38,712 [WARN] PackLoader:238 - Cannot read IP mode file for STMicroelectronics.X-CUBE-AZRTOS-G4.2.0.0
2024-11-08 19:29:38,717 [WARN] PackLoader:238 - Cannot read IP mode file for STMicroelectronics.X-CUBE-ISPU.2.0.0
2024-11-08 19:29:38,720 [ERROR] Engine:463 - C:\Users\NGUYEN GIAP\.stm32cubemx\thirdparties\pdsc\STMicroelectronics.X-CUBE-ALS.1.0.2.pdsc: PDSC version is not supported
2024-11-08 19:29:38,723 [WARN] PackLoader:238 - Cannot read IP mode file for STMicroelectronics.X-CUBE-TOUCHGFX.4.24.0
2024-11-08 19:29:38,725 [WARN] PackLoader:238 - Cannot read IP mode file for STMicroelectronics.X-CUBE-TOUCHGFX.4.24.1
2024-11-08 19:29:38,727 [WARN] PackLoader:238 - Cannot read IP mode file for wolfSSL.I-CUBE-wolfTPM.3.4.0
2024-11-08 19:29:38,731 [WARN] PackLoader:238 - Cannot read IP mode file for portGmbH.I-Cube-SoM-uGOAL.1.1.0
2024-11-08 19:29:38,746 [WARN] PackLoader:238 - Cannot read IP mode file for STMicroelectronics.X-CUBE-AZRTOS-H7RS.1.0.0
2024-11-08 19:29:38,751 [WARN] PackLoader:238 - Cannot read IP mode file for STMicroelectronics.FP-ATR-ASTRA1.2.0.0
2024-11-08 19:29:38,756 [ERROR] Engine:463 - C:\Users\NGUYEN GIAP\.stm32cubemx\thirdparties\pdsc\STMicroelectronics.X-CUBE-TOF1.3.4.2.pdsc: PDSC version is not supported
2024-11-08 19:29:38,760 [ERROR] Engine:463 - C:\Users\NGUYEN GIAP\.stm32cubemx\thirdparties\pdsc\Infineon.AIROC-Wi-Fi-Bluetooth-STM32.1.6.1.pdsc: PDSC version is not supported
2024-11-08 19:29:38,763 [WARN] PackLoader:238 - Cannot read IP mode file for wolfSSL.I-CUBE-wolfSSH.1.4.17
2024-11-08 19:29:38,763 [INFO] ThirdParty:915 - Integrity check success = true
2024-11-08 19:29:38,763 [INFO] IntegrityCheckThread:94 - exiting critical section [integrity check]
2024-11-08 19:29:38,763 [INFO] IntegrityCheckThread:97 - End integrity checks thread
2024-11-08 19:29:38,770 [ERROR] DbBoards:189 - Image file not found for board NUCLEO-F413ZH: C:\ST\STM32CubeIDE_1.7.0\STM32CubeIDE\plugins\com.st.stm32cube.common.mx_6.3.0.202107141111\\db\/plugins/mcufinder/images/boards/nucleo-f413zh_small.jpg
2024-11-08 19:29:38,909 [ERROR] DbBoards:189 - Image file not found for board NUCLEO-L552ZE-Q: C:\ST\STM32CubeIDE_1.7.0\STM32CubeIDE\plugins\com.st.stm32cube.common.mx_6.3.0.202107141111\\db\/plugins/mcufinder/images/boards/nucleo_l552ze_q_small.jpg
2024-11-08 19:29:38,909 [ERROR] DbBoards:189 - Image file not found for board NUCLEO-U575ZI-Q: C:\ST\STM32CubeIDE_1.7.0\STM32CubeIDE\plugins\com.st.stm32cube.common.mx_6.3.0.202107141111\\db\/plugins/mcufinder/images/boards/nucleo-u575zi-q_small.jpg
2024-11-08 19:29:38,909 [ERROR] DbBoards:189 - Image file not found for board NUCLEO-WB15CC: C:\ST\STM32CubeIDE_1.7.0\STM32CubeIDE\plugins\com.st.stm32cube.common.mx_6.3.0.202107141111\\db\/plugins/mcufinder/images/boards/nucleo-wb15cc_small.jpg
2024-11-08 19:29:38,909 [ERROR] DbBoards:189 - Image file not found for board NUCLEO-WB55RG: C:\ST\STM32CubeIDE_1.7.0\STM32CubeIDE\plugins\com.st.stm32cube.common.mx_6.3.0.202107141111\\db\/plugins/mcufinder/images/boards/nucleo-wb55rg_small.jpg
2024-11-08 19:29:39,693 [INFO] ApiDb:251 - Load user favorites file C:\Users\NGUYEN GIAP/.stm32cubeide/favorites.boards.txt: 0 item(s)
2024-11-08 19:29:39,694 [INFO] ApiDb:255 - User favorites Boards=[]
2024-11-08 19:29:39,694 [INFO] DbBoards:206 - Set 0 / 0 favorites Boards
2024-11-08 19:30:07,818 [INFO] DbMcusDocs:143 - JSON generation date=Tue Nov 16 23:17:54 ICT 2021 (1637079474)
2024-11-08 19:30:08,017 [INFO] DbMcusDocs:79 - Found 682 MCUs documents
2024-11-08 19:32:02,168 [INFO] MainUpdater:2671 - connection check result : 10
2024-11-08 19:32:02,169 [INFO] MainUpdater:2671 - connection check result : 10
2024-11-08 19:32:02,200 [INFO] MicroXplorer:448 - Change Database Path : 
2024-11-08 19:32:02,200 [INFO] MicroXplorer:478 - Change Database Version : DB.6.0.30
2024-11-08 19:32:02,200 [WARN] ThirdParty:813 - waiting for thirdparty lock release [close project]
2024-11-08 19:32:02,201 [INFO] ThirdParty:815 - entering critical section [close project]
2024-11-08 19:32:02,201 [INFO] ThirdParty:825 - exiting critical section [close project]
2024-11-08 19:32:02,204 [INFO] PinOutPanel:1463 - setPackage(No Configuration,No Configuration)
2024-11-08 19:32:02,205 [INFO] UtilMem:74 - Begin LoadConfig() Used Memory: 656872856 Bytes (664797184)
2024-11-08 19:32:02,206 [INFO] MicroXplorer:448 - Change Database Path : 
2024-11-08 19:32:02,206 [INFO] MicroXplorer:478 - Change Database Version : DB.6.0.30
2024-11-08 19:32:02,206 [INFO] OpenFileManager:313 - Change cursor
2024-11-08 19:32:02,828 [INFO] Context:592 - Trying to add GPIOservice into a context  which must be forbidden
2024-11-08 19:32:03,038 [INFO] ImportTextPane:167 - (OptionalMessage_ERROR) Unable to find key (Mcu.ThirdPartyNb) in loaded IOC file
2024-11-08 19:32:03,039 [INFO] ImportTextPane:167 - (OptionalMessage_ERROR) Unable to find key (Mcu.PinsNb) in loaded IOC file
2024-11-08 19:32:03,039 [INFO] ImportTextPane:167 - (OptionalMessage_ERROR) Unable to find key (Mcu.IPNb) in loaded IOC file
2024-11-08 19:32:03,080 [WARN] ApiManager:304 - Cannot register API 'Board Extension:NFC09A1' from pack STMicroelectronics.X-CUBE-NFC9.1.0.0: no header file found
2024-11-08 19:32:03,082 [WARN] ApiManager:304 - Cannot register API 'Board Extension:GNSS1A1' from pack STMicroelectronics.X-CUBE-GNSS1.6.0.0: no header file found
2024-11-08 19:32:03,082 [WARN] ApiManager:304 - Cannot register API 'Board Support:Custom' from pack STMicroelectronics.X-CUBE-GNSS1.6.0.0: no header file found
2024-11-08 19:32:03,082 [WARN] ApiManager:304 - Cannot register API 'Data Exchange:lib_gnss' from pack STMicroelectronics.X-CUBE-GNSS1.6.0.0: no header file found
2024-11-08 19:32:03,085 [WARN] ApiManager:304 - Cannot register API 'Wireless:STM32WB05N' from pack STMicroelectronics.X-CUBE-WB05N.1.1.0: no header file found
2024-11-08 19:32:03,088 [WARN] ApiManager:304 - Cannot register API 'Board Extension:GNSS1A1' from pack STMicroelectronics.X-CUBE-GNSS1.7.0.0: no header file found
2024-11-08 19:32:03,088 [WARN] ApiManager:304 - Cannot register API 'Board Support:Custom' from pack STMicroelectronics.X-CUBE-GNSS1.7.0.0: no header file found
2024-11-08 19:32:03,088 [WARN] ApiManager:304 - Cannot register API 'Data Exchange:lib_gnss' from pack STMicroelectronics.X-CUBE-GNSS1.7.0.0: no header file found
2024-11-08 19:32:03,096 [WARN] ApiManager:304 - Cannot register API 'Board Extension:NFC06A1' from pack STMicroelectronics.X-CUBE-NFC6.3.1.0: no header file found
2024-11-08 19:32:03,096 [WARN] ApiManager:304 - Cannot register API 'Board Extension:NFC08A1' from pack STMicroelectronics.X-CUBE-NFC6.3.1.0: no header file found
2024-11-08 19:32:03,250 [WARN] ApiManager:304 - Cannot register API 'Board Extension:IKS01A3' from pack STMicroelectronics.X-CUBE-MEMS1.11.0.0: no header file found
2024-11-08 19:32:03,251 [WARN] ApiManager:304 - Cannot register API 'Board Extension:IKS02A1' from pack STMicroelectronics.X-CUBE-MEMS1.11.0.0: no header file found
2024-11-08 19:32:03,251 [WARN] ApiManager:304 - Cannot register API 'Board Extension:IKS4A1' from pack STMicroelectronics.X-CUBE-MEMS1.11.0.0: no header file found
2024-11-08 19:32:03,259 [INFO] RtosManager:484 - Registered RTOS mode: class=CMSIS, group=RTOS, mode=CMSIS_V1, owner=FREERTOS
2024-11-08 19:32:03,259 [INFO] RtosManager:484 - Registered RTOS mode: class=CMSIS, group=RTOS2, mode=CMSIS_V2, owner=FREERTOS
2024-11-08 19:32:03,259 [INFO] RtosManager:484 - Registered RTOS mode: class=RTOS, group=Core, mode=CMSIS_V1, owner=FREERTOS
2024-11-08 19:32:03,259 [INFO] RtosManager:484 - Registered RTOS mode: class=RTOS, group=Core, mode=CMSIS_V2, owner=FREERTOS
2024-11-08 19:32:03,259 [WARN] ModelIntegratedComponent:181 - Missing modes for component STMicroelectronics:FreeRTOS:0.0.1:STMicroelectronics:RTOS:FreeRTOS:Core:::10.2.0:
2024-11-08 19:32:03,261 [WARN] ApiManager:304 - Cannot register API 'Board Extension:STSAFEA1' from pack STMicroelectronics.X-CUBE-SAFEA1.1.2.2: no header file found
2024-11-08 19:32:03,261 [WARN] ApiManager:304 - Cannot register API 'Board Part:STSAFEA110' from pack STMicroelectronics.X-CUBE-SAFEA1.1.2.2: no header file found
2024-11-08 19:32:03,261 [WARN] ApiManager:304 - Cannot register API 'Security:ST_Cryptolib' from pack STMicroelectronics.X-CUBE-SAFEA1.1.2.2: no header file found
2024-11-08 19:32:03,261 [WARN] ApiManager:304 - Cannot register API 'Security:MbedTLS' from pack STMicroelectronics.X-CUBE-SAFEA1.1.2.2: no header file found
2024-11-08 19:32:03,262 [WARN] ApiManager:304 - Cannot register API 'Board Extension:NFC04A1' from pack STMicroelectronics.X-CUBE-NFC4.3.0.0: no header file found
2024-11-08 19:32:03,265 [WARN] ApiManager:304 - Cannot register API 'Board Extension:S2868A1' from pack STMicroelectronics.X-CUBE-SUBG2.5.0.0: no header file found
2024-11-08 19:32:03,265 [WARN] ApiManager:304 - Cannot register API 'Board Extension:S2868A2' from pack STMicroelectronics.X-CUBE-SUBG2.5.0.0: no header file found
2024-11-08 19:32:03,265 [WARN] ApiManager:304 - Cannot register API 'Board Extension:S2915A1' from pack STMicroelectronics.X-CUBE-SUBG2.5.0.0: no header file found
2024-11-08 19:32:03,267 [WARN] ApiManager:304 - Cannot register API 'Wireless:BlueNRG-MS' from pack STMicroelectronics.X-CUBE-BLE1.7.0.0: no header file found
2024-11-08 19:32:03,268 [WARN] ApiManager:304 - Cannot register API 'Board Extension:NFC10A1' from pack STMicroelectronics.X-CUBE-NFC10.1.0.0: no header file found
2024-11-08 19:32:03,269 [WARN] ApiManager:304 - Cannot register API 'Board Extension:EEPRMA2' from pack STMicroelectronics.X-CUBE-EEPRMA1.5.1.0: no header file found
2024-11-08 19:32:03,269 [WARN] ApiManager:304 - Cannot register API 'Board Extension:PGEEZ1' from pack STMicroelectronics.X-CUBE-EEPRMA1.5.1.0: no header file found
2024-11-08 19:32:03,269 [WARN] ApiManager:304 - Cannot register API 'Board Extension:EEICA1' from pack STMicroelectronics.X-CUBE-EEPRMA1.5.1.0: no header file found
2024-11-08 19:32:03,270 [WARN] ApiManager:304 - Cannot register API 'Board Part:M24' from pack STMicroelectronics.X-CUBE-EEPRMA1.5.1.0: no header file found
2024-11-08 19:32:03,270 [WARN] ApiManager:304 - Cannot register API 'Board Part:M95' from pack STMicroelectronics.X-CUBE-EEPRMA1.5.1.0: no header file found
2024-11-08 19:32:03,270 [WARN] ApiManager:304 - Cannot register API 'Board Part:M95P32' from pack STMicroelectronics.X-CUBE-EEPRMA1.5.1.0: no header file found
2024-11-08 19:32:03,270 [WARN] ApiManager:304 - Cannot register API 'Board Part:M24256E-F' from pack STMicroelectronics.X-CUBE-EEPRMA1.5.1.0: no header file found
2024-11-08 19:32:03,270 [WARN] ApiManager:304 - Cannot register API 'Board Part:M24M01E-F' from pack STMicroelectronics.X-CUBE-EEPRMA1.5.1.0: no header file found
2024-11-08 19:32:03,270 [WARN] ApiManager:304 - Cannot register API 'PGEEZ1:SPI' from pack STMicroelectronics.X-CUBE-EEPRMA1.5.1.0: no header file found
2024-11-08 19:32:03,270 [WARN] ApiManager:304 - Cannot register API 'PGEEZ1:QDSPI' from pack STMicroelectronics.X-CUBE-EEPRMA1.5.1.0: no header file found
2024-11-08 19:32:03,271 [WARN] ModelIntegratedComponent:60 - No mode defined for component null
2024-11-08 19:32:03,271 [WARN] ModelIntegratedComponent:60 - No mode defined for component null
2024-11-08 19:32:03,271 [WARN] ModelIntegratedComponent:60 - No mode defined for component null
2024-11-08 19:32:03,271 [WARN] ModelIntegratedComponent:60 - No mode defined for component null
2024-11-08 19:32:03,272 [WARN] ModelIntegratedComponent:60 - No mode defined for component null
2024-11-08 19:32:03,272 [WARN] ModelIntegratedComponent:60 - No mode defined for component null
2024-11-08 19:32:03,272 [WARN] ModelIntegratedComponent:60 - No mode defined for component null
2024-11-08 19:32:03,272 [WARN] ModelIntegratedComponent:60 - No mode defined for component null
2024-11-08 19:32:03,272 [WARN] ModelIntegratedComponent:60 - No mode defined for component null
2024-11-08 19:32:03,272 [WARN] ModelIntegratedComponent:60 - No mode defined for component null
2024-11-08 19:32:03,272 [WARN] ModelIntegratedComponent:60 - No mode defined for component null
2024-11-08 19:32:03,272 [WARN] ModelIntegratedComponent:60 - No mode defined for component null
2024-11-08 19:32:03,272 [WARN] ModelIntegratedComponent:60 - No mode defined for component null
2024-11-08 19:32:03,272 [WARN] ModelIntegratedComponent:60 - No mode defined for component null
2024-11-08 19:32:03,272 [WARN] ModelIntegratedComponent:60 - No mode defined for component null
2024-11-08 19:32:03,272 [WARN] ModelIntegratedComponent:60 - No mode defined for component null
2024-11-08 19:32:03,272 [WARN] ModelIntegratedComponent:60 - No mode defined for component null
2024-11-08 19:32:03,272 [WARN] ModelIntegratedComponent:60 - No mode defined for component null
2024-11-08 19:32:03,272 [WARN] ModelIntegratedComponent:60 - No mode defined for component null
2024-11-08 19:32:03,272 [WARN] ModelIntegratedComponent:60 - No mode defined for component null
2024-11-08 19:32:03,272 [WARN] ModelIntegratedComponent:60 - No mode defined for component null
2024-11-08 19:32:03,273 [WARN] ModelIntegratedComponent:60 - No mode defined for component null
2024-11-08 19:32:03,273 [WARN] ModelIntegratedComponent:60 - No mode defined for component null
2024-11-08 19:32:03,273 [WARN] ModelIntegratedComponent:60 - No mode defined for component null
2024-11-08 19:32:03,273 [WARN] ModelIntegratedComponent:60 - No mode defined for component null
2024-11-08 19:32:03,273 [WARN] ModelIntegratedComponent:60 - No mode defined for component null
2024-11-08 19:32:03,273 [WARN] ModelIntegratedComponent:60 - No mode defined for component null
2024-11-08 19:32:03,273 [WARN] ModelIntegratedComponent:60 - No mode defined for component null
2024-11-08 19:32:03,273 [WARN] ModelIntegratedComponent:60 - No mode defined for component null
2024-11-08 19:32:03,273 [WARN] ModelIntegratedComponent:60 - No mode defined for component null
2024-11-08 19:32:03,273 [WARN] ModelIntegratedComponent:60 - No mode defined for component null
2024-11-08 19:32:03,274 [WARN] ApiManager:304 - Cannot register API 'Board Extension:NFC07A1' from pack STMicroelectronics.X-CUBE-NFC7.1.0.1: no header file found
2024-11-08 19:32:03,282 [WARN] ApiManager:304 - Cannot register API 'Board Extension:S2868A1' from pack STMicroelectronics.X-CUBE-SFXS2LP1.4.0.0: no header file found
2024-11-08 19:32:03,282 [WARN] ApiManager:304 - Cannot register API 'Board Extension:S2868A2' from pack STMicroelectronics.X-CUBE-SFXS2LP1.4.0.0: no header file found
2024-11-08 19:32:03,283 [WARN] ApiManager:304 - Cannot register API 'Board Extension:S2915A1' from pack STMicroelectronics.X-CUBE-SFXS2LP1.4.0.0: no header file found
2024-11-08 19:32:03,283 [WARN] ApiManager:304 - Cannot register API 'Wireless:BlueNRG-2' from pack STMicroelectronics.X-CUBE-BLE2.3.3.0: no header file found
2024-11-08 19:32:05,178 [INFO] UtilMem:74 - End LoadConfig() Used Memory: 627588432 Bytes (708837376)
2024-11-08 19:32:05,179 [WARN] ThirdParty:779 - waiting for thirdparty lock release [change project]
2024-11-08 19:32:05,179 [INFO] ThirdParty:781 - entering critical section [change project]
2024-11-08 19:32:05,179 [INFO] ThirdParty:967 - CMSIS Pack Vendor :STMicroelectronics X-CUBE-AZRTOS-H7 3.3.0
2024-11-08 19:32:05,180 [INFO] ThirdParty:967 - CMSIS Pack Vendor :STMicroelectronics X-CUBE-NFC9 1.0.0
2024-11-08 19:32:05,180 [INFO] ThirdParty:967 - CMSIS Pack Vendor :STMicroelectronics X-CUBE-GNSS1 6.0.0
2024-11-08 19:32:05,180 [INFO] ThirdParty:967 - CMSIS Pack Vendor :STMicroelectronics USB_HOST 2.0.0
2024-11-08 19:32:05,180 [INFO] ThirdParty:967 - CMSIS Pack Vendor :STMicroelectronics X-CUBE-AZRTOS-F4 1.1.0
2024-11-08 19:32:05,180 [INFO] ThirdParty:967 - CMSIS Pack Vendor :STMicroelectronics X-CUBE-WB05N 1.1.0
2024-11-08 19:32:05,180 [INFO] ThirdParty:967 - CMSIS Pack Vendor :STMicroelectronics USB_DEVICE 3.0.0
2024-11-08 19:32:05,180 [INFO] ThirdParty:967 - CMSIS Pack Vendor :STMicroelectronics X-CUBE-ISPU 2.1.0
2024-11-08 19:32:05,180 [INFO] ThirdParty:967 - CMSIS Pack Vendor :STMicroelectronics X-CUBE-AZRTOS-WB 2.0.0
2024-11-08 19:32:05,180 [INFO] ThirdParty:967 - CMSIS Pack Vendor :STMicroelectronics X-CUBE-GNSS1 7.0.0
2024-11-08 19:32:05,180 [INFO] ThirdParty:967 - CMSIS Pack Vendor :STMicroelectronics X-CUBE-AZRTOS-F7 1.1.0
2024-11-08 19:32:05,180 [INFO] ThirdParty:967 - CMSIS Pack Vendor :STMicroelectronics X-CUBE-AZRTOS-L5 2.0.0
2024-11-08 19:32:05,180 [INFO] ThirdParty:967 - CMSIS Pack Vendor :STMicroelectronics USB_DEVICE 2.0.0
2024-11-08 19:32:05,180 [INFO] ThirdParty:967 - CMSIS Pack Vendor :STMicroelectronics X-CUBE-NFC6 3.1.0
2024-11-08 19:32:05,180 [INFO] ThirdParty:967 - CMSIS Pack Vendor :STMicroelectronics X-CUBE-MEMS1 11.0.0
2024-11-08 19:32:05,180 [INFO] ThirdParty:967 - CMSIS Pack Vendor :STMicroelectronics FreeRTOS 0.0.1
2024-11-08 19:32:05,180 [INFO] ThirdParty:967 - CMSIS Pack Vendor :STMicroelectronics X-CUBE-AZRTOS-G0 1.1.0
2024-11-08 19:32:05,180 [INFO] ThirdParty:967 - CMSIS Pack Vendor :STMicroelectronics X-CUBE-SAFEA1 1.2.2
2024-11-08 19:32:05,180 [INFO] ThirdParty:967 - CMSIS Pack Vendor :STMicroelectronics X-CUBE-NFC4 3.0.0
2024-11-08 19:32:05,180 [INFO] ThirdParty:967 - CMSIS Pack Vendor :STMicroelectronics X-CUBE-SUBG2 5.0.0
2024-11-08 19:32:05,180 [INFO] ThirdParty:967 - CMSIS Pack Vendor :STMicroelectronics lwIP 2.0.3
2024-11-08 19:32:05,180 [INFO] ThirdParty:967 - CMSIS Pack Vendor :STMicroelectronics USB_HOST 1.0.0
2024-11-08 19:32:05,180 [INFO] ThirdParty:967 - CMSIS Pack Vendor :STMicroelectronics X-CUBE-AI 9.0.0
2024-11-08 19:32:05,181 [INFO] ThirdParty:967 - CMSIS Pack Vendor :STMicroelectronics X-CUBE-AZRTOS-G4 2.0.0
2024-11-08 19:32:05,181 [INFO] ThirdParty:967 - CMSIS Pack Vendor :STMicroelectronics PDM2PCM 3.1.0
2024-11-08 19:32:05,181 [INFO] ThirdParty:967 - CMSIS Pack Vendor :STMicroelectronics PDM2PCM 3.3.0
2024-11-08 19:32:05,181 [INFO] ThirdParty:967 - CMSIS Pack Vendor :STMicroelectronics X-CUBE-BLE1 7.0.0
2024-11-08 19:32:05,181 [INFO] ThirdParty:967 - CMSIS Pack Vendor :STMicroelectronics FP-ATR-SIGFOX1 3.2.0
2024-11-08 19:32:05,181 [INFO] ThirdParty:967 - CMSIS Pack Vendor :STMicroelectronics X-CUBE-NFC10 1.0.0
2024-11-08 19:32:05,181 [INFO] ThirdParty:967 - CMSIS Pack Vendor :wolfSSL I-CUBE-wolfSSL 5.7.2
2024-11-08 19:32:05,181 [INFO] ThirdParty:967 - CMSIS Pack Vendor :STMicroelectronics X-CUBE-ISPU 2.0.0
2024-11-08 19:32:05,181 [INFO] ThirdParty:967 - CMSIS Pack Vendor :STMicroelectronics X-CUBE-EEPRMA1 5.1.0
2024-11-08 19:32:05,181 [INFO] ThirdParty:967 - CMSIS Pack Vendor :STMicroelectronics HAL Drivers 0.0.0
2024-11-08 19:32:05,181 [INFO] ThirdParty:967 - CMSIS Pack Vendor :STMicroelectronics MBEDTLS 2.16.2
2024-11-08 19:32:05,181 [INFO] ThirdParty:967 - CMSIS Pack Vendor :STMicroelectronics X-CUBE-NFC7 1.0.1
2024-11-08 19:32:05,181 [INFO] ThirdParty:967 - CMSIS Pack Vendor :STMicroelectronics MBEDTLS 2.14.1
2024-11-08 19:32:05,181 [INFO] ThirdParty:967 - CMSIS Pack Vendor :STMicroelectronics X-CUBE-TOUCHGFX 4.24.0
2024-11-08 19:32:05,181 [INFO] ThirdParty:967 - CMSIS Pack Vendor :STMicroelectronics X-CUBE-TOUCHGFX 4.24.1
2024-11-08 19:32:05,181 [INFO] ThirdParty:967 - CMSIS Pack Vendor :wolfSSL I-CUBE-wolfTPM 3.4.0
2024-11-08 19:32:05,181 [INFO] ThirdParty:967 - CMSIS Pack Vendor :portGmbH I-Cube-SoM-uGOAL 1.1.0
2024-11-08 19:32:05,181 [INFO] ThirdParty:967 - CMSIS Pack Vendor :STMicroelectronics X-CUBE-AZRTOS-WL 2.0.0
2024-11-08 19:32:05,181 [INFO] ThirdParty:967 - CMSIS Pack Vendor :SEGGER I-CUBE-embOS 1.3.1
2024-11-08 19:32:05,181 [INFO] ThirdParty:967 - CMSIS Pack Vendor :STMicroelectronics X-CUBE-ALGOBUILD 1.4.0
2024-11-08 19:32:05,181 [INFO] ThirdParty:967 - CMSIS Pack Vendor :STMicroelectronics USB_DEVICE 1.0.0
2024-11-08 19:32:05,181 [INFO] ThirdParty:967 - CMSIS Pack Vendor :STMicroelectronics X-CUBE-AZRTOS-H7RS 1.0.0
2024-11-08 19:32:05,181 [INFO] ThirdParty:967 - CMSIS Pack Vendor :wolfSSL I-CUBE-wolfMQTT 1.19.0
2024-11-08 19:32:05,182 [INFO] ThirdParty:967 - CMSIS Pack Vendor :STMicroelectronics X-CUBE-AZRTOS-L4 2.0.0
2024-11-08 19:32:05,182 [INFO] ThirdParty:967 - CMSIS Pack Vendor :STMicroelectronics ThreadX 0.0.2
2024-11-08 19:32:05,182 [INFO] ThirdParty:967 - CMSIS Pack Vendor :WES I-CUBE-Cesium 1.3.0
2024-11-08 19:32:05,182 [INFO] ThirdParty:967 - CMSIS Pack Vendor :STMicroelectronics FP-ATR-ASTRA1 2.0.0
2024-11-08 19:32:05,182 [INFO] ThirdParty:967 - CMSIS Pack Vendor :STMicroelectronics lwIP 2.1.2
2024-11-08 19:32:05,182 [INFO] ThirdParty:967 - CMSIS Pack Vendor :STMicroelectronics X-CUBE-SFXS2LP1 4.0.0
2024-11-08 19:32:05,182 [INFO] ThirdParty:967 - CMSIS Pack Vendor :STMicroelectronics X-CUBE-BLE2 3.3.0
2024-11-08 19:32:05,182 [INFO] ThirdParty:967 - CMSIS Pack Vendor :STMicroelectronics X-CUBE-AI 9.1.0
2024-11-08 19:32:05,182 [INFO] ThirdParty:967 - CMSIS Pack Vendor :STMicroelectronics PDM2PCM 3.2.0
2024-11-08 19:32:05,182 [INFO] ThirdParty:967 - CMSIS Pack Vendor :wolfSSL I-CUBE-wolfSSH 1.4.17
2024-11-08 19:32:05,182 [INFO] ThirdParty:787 - exiting critical section [change project]
2024-11-08 19:32:05,359 [INFO] PinOutPanel:1463 - setPackage(No Configuration,No Configuration)
2024-11-08 19:32:05,360 [INFO] PinOutPanel:1463 - setPackage(STM32F103C6Ux,UFQFPN48)
2024-11-08 19:32:05,688 [INFO] UtilMem:74 - Before build in PCC Used Memory: 639403520 Bytes (708837376)
2024-11-08 19:32:06,128 [INFO] UtilMem:74 - After build in PCC Used Memory: 630763104 Bytes (708837376)
2024-11-08 19:32:06,147 [INFO] IPUIPlugin:74 - create IPUIPlugin
2024-11-08 19:32:06,147 [INFO] IPUIPlugin:74 - create IPUIPlugin
2024-11-08 19:32:06,147 [INFO] IPUIPlugin:74 - create IPUIPlugin
2024-11-08 19:32:06,147 [INFO] IPUIPlugin:74 - create IPUIPlugin
2024-11-08 19:32:06,147 [INFO] IPUIPlugin:74 - create IPUIPlugin
2024-11-08 19:32:06,147 [INFO] IPUIPlugin:74 - create IPUIPlugin
2024-11-08 19:32:06,148 [INFO] IPUIPlugin:74 - create IPUIPlugin
2024-11-08 19:32:06,148 [INFO] IPUIPlugin:74 - create IPUIPlugin
2024-11-08 19:32:06,148 [INFO] IPUIPlugin:74 - create IPUIPlugin
2024-11-08 19:32:06,148 [INFO] IPUIPlugin:74 - create IPUIPlugin
2024-11-08 19:32:06,148 [INFO] IPUIPlugin:74 - create IPUIPlugin
2024-11-08 19:32:06,148 [INFO] IPUIPlugin:74 - create IPUIPlugin
2024-11-08 19:32:06,149 [INFO] IPUIPlugin:74 - create IPUIPlugin
2024-11-08 19:32:06,149 [INFO] IPUIPlugin:74 - create IPUIPlugin
2024-11-08 19:32:06,149 [INFO] IPUIPlugin:74 - create IPUIPlugin
2024-11-08 19:32:06,149 [INFO] IPUIPlugin:74 - create IPUIPlugin
2024-11-08 19:32:06,150 [INFO] IPUIPlugin:74 - create IPUIPlugin
2024-11-08 19:32:06,150 [INFO] IPUIPlugin:74 - create IPUIPlugin
2024-11-08 19:32:06,150 [INFO] IPUIPlugin:74 - create IPUIPlugin
2024-11-08 19:32:06,151 [INFO] IPUIPlugin:74 - create IPUIPlugin
2024-11-08 19:32:06,151 [INFO] IPUIPlugin:74 - create IPUIPlugin
2024-11-08 19:32:06,151 [INFO] IPUIPlugin:74 - create IPUIPlugin
2024-11-08 19:32:06,152 [INFO] IPUIPlugin:74 - create IPUIPlugin
2024-11-08 19:32:06,263 [INFO] OpenFileManager:333 - Restore cursor
2024-11-08 19:32:06,520 [INFO] UtilMem:74 - End SaveConfig() Used Memory: 635572312 Bytes (708837376)
2024-11-08 19:32:06,589 [INFO] UtilMem:74 - End SaveConfig() Used Memory: 650001424 Bytes (708837376)
2024-11-08 19:32:06,951 [INFO] BlockDiagram:2740 - set Specific Code input for plugin: NVIC
2024-11-08 19:32:06,951 [INFO] BlockDiagram:2740 - set Specific Code input for plugin: SYS
2024-11-08 19:32:06,951 [INFO] BlockDiagram:2740 - set Specific Code input for plugin: RCC
2024-11-08 19:32:06,952 [INFO] CodeGenerator:663 - code generatio: config db path: C:\ST\STM32CubeIDE_1.7.0\STM32CubeIDE\plugins\com.st.stm32cube.common.mx_6.3.0.202107141111\\db\
2024-11-08 19:32:07,250 [INFO] CodeEngine:239 - oldGeneratedFile, E:\BKU\Se241\CO3009_MM\Experiments\L06_2110142_Lab1\STM32_Lab1_2nd\Led_Animations2\MXTmpFiles\license.tmp_save
2024-11-08 19:32:07,624 [INFO] CodeEngine:257 - Generated code: E:\BKU\Se241\CO3009_MM\Experiments\L06_2110142_Lab1\STM32_Lab1_2nd\Led_Animations2\MXTmpFiles\license.tmp
2024-11-08 19:32:07,707 [INFO] CodeEngine:239 - oldGeneratedFile, E:\BKU\Se241\CO3009_MM\Experiments\L06_2110142_Lab1\STM32_Lab1_2nd\Led_Animations2\Core\Src\stm32f1xx_it.c_save
2024-11-08 19:32:07,839 [INFO] CodeEngine:257 - Generated code: E:\BKU\Se241\CO3009_MM\Experiments\L06_2110142_Lab1\STM32_Lab1_2nd\Led_Animations2\Core\Src\stm32f1xx_it.c
2024-11-08 19:32:07,842 [INFO] CodeEngine:239 - oldGeneratedFile, E:\BKU\Se241\CO3009_MM\Experiments\L06_2110142_Lab1\STM32_Lab1_2nd\Led_Animations2\Core\Inc\stm32f1xx_it.h_save
2024-11-08 19:32:07,919 [INFO] CodeEngine:257 - Generated code: E:\BKU\Se241\CO3009_MM\Experiments\L06_2110142_Lab1\STM32_Lab1_2nd\Led_Animations2\Core\Inc\stm32f1xx_it.h
2024-11-08 19:32:07,926 [INFO] CodeEngine:239 - oldGeneratedFile, E:\BKU\Se241\CO3009_MM\Experiments\L06_2110142_Lab1\STM32_Lab1_2nd\Led_Animations2\Core\Src\stm32f1xx_hal_msp.c_save
2024-11-08 19:32:08,046 [INFO] CodeEngine:257 - Generated code: E:\BKU\Se241\CO3009_MM\Experiments\L06_2110142_Lab1\STM32_Lab1_2nd\Led_Animations2\Core\Src\stm32f1xx_hal_msp.c
2024-11-08 19:32:08,048 [INFO] CodeEngine:239 - oldGeneratedFile, E:\BKU\Se241\CO3009_MM\Experiments\L06_2110142_Lab1\STM32_Lab1_2nd\Led_Animations2\MXTmpFiles\system.tmp_save
2024-11-08 19:32:08,111 [INFO] CodeEngine:257 - Generated code: E:\BKU\Se241\CO3009_MM\Experiments\L06_2110142_Lab1\STM32_Lab1_2nd\Led_Animations2\MXTmpFiles\system.tmp
2024-11-08 19:32:08,117 [INFO] CodeEngine:239 - oldGeneratedFile, E:\BKU\Se241\CO3009_MM\Experiments\L06_2110142_Lab1\STM32_Lab1_2nd\Led_Animations2\Core\Inc\stm32f1xx_hal_conf.h_save
2024-11-08 19:32:08,211 [INFO] CodeEngine:257 - Generated code: E:\BKU\Se241\CO3009_MM\Experiments\L06_2110142_Lab1\STM32_Lab1_2nd\Led_Animations2\Core\Inc\stm32f1xx_hal_conf.h
2024-11-08 19:32:08,236 [INFO] CodeEngine:239 - oldGeneratedFile, E:\BKU\Se241\CO3009_MM\Experiments\L06_2110142_Lab1\STM32_Lab1_2nd\Led_Animations2\Core\Inc\main.h_save
2024-11-08 19:32:08,303 [INFO] CodeEngine:257 - Generated code: E:\BKU\Se241\CO3009_MM\Experiments\L06_2110142_Lab1\STM32_Lab1_2nd\Led_Animations2\Core\Inc\main.h
2024-11-08 19:32:08,305 [INFO] CodeEngine:239 - oldGeneratedFile, E:\BKU\Se241\CO3009_MM\Experiments\L06_2110142_Lab1\STM32_Lab1_2nd\Led_Animations2\Core\Src\main.c_save
2024-11-08 19:32:08,401 [INFO] CodeEngine:257 - Generated code: E:\BKU\Se241\CO3009_MM\Experiments\L06_2110142_Lab1\STM32_Lab1_2nd\Led_Animations2\Core\Src\main.c
2024-11-08 19:32:09,166 [INFO] ProjectBuilder:2578 - Time for Copy HAL[1] : 49mS.
2024-11-08 19:32:09,172 [INFO] ProjectBuilder:3622 - Project Generator version: 3.14.1
2024-11-08 19:32:09,536 [INFO] ConfigFileManager:1271 - The Die is : DIE412
2024-11-08 19:32:09,547 [INFO] ApiDbMcu:468 - Load IP Config File for FATFS
2024-11-08 19:32:09,569 [INFO] ApiDbMcu:468 - Load IP Config File for FREERTOS
2024-11-08 19:32:09,588 [INFO] ApiDbMcu:468 - Load IP Config File for USB_DEVICE
2024-11-08 19:32:12,244 [INFO] ProjectBuilder:3789 - Time for Generating toolchain IDE Files: 3072mS.
2024-11-08 19:32:12,244 [INFO] ProjectBuilder:2457 - Time for Copy CMSIS : 0mS.
2024-11-08 19:32:12,246 [INFO] ProjectBuilder:2457 - Time for Copy CMSIS : 0mS.
2024-11-08 19:32:13,161 [INFO] McuFinderGlobals:52 - Set McuFinderConnectedMode to true
2024-11-08 19:32:13,163 [INFO] ApiDb:276 - Save user favorites file C:\Users\NGUYEN GIAP/.stm32cubeide/favorites.mcus.txt: 0 item(s)
2024-11-08 19:32:13,163 [INFO] ApiDb:280 - User favorites MCUs=[]
2024-11-08 19:52:05,140 [INFO] UtilMem:74 - End SaveConfig() Used Memory: 918942704 Bytes (1073741824)
2024-11-08 19:52:06,851 [INFO] UtilMem:74 - End SaveConfig() Used Memory: 940436464 Bytes (1073741824)
2024-11-08 19:52:08,811 [INFO] UtilMem:74 - End SaveConfig() Used Memory: 869525760 Bytes (1073741824)
2024-11-08 19:52:09,164 [INFO] BlockDiagram:2740 - set Specific Code input for plugin: NVIC
2024-11-08 19:52:09,164 [INFO] BlockDiagram:2740 - set Specific Code input for plugin: SYS
2024-11-08 19:52:09,165 [INFO] BlockDiagram:2740 - set Specific Code input for plugin: GPIO
2024-11-08 19:52:09,165 [INFO] BlockDiagram:2740 - set Specific Code input for plugin: RCC
2024-11-08 19:52:09,165 [INFO] CodeGenerator:663 - code generatio: config db path: C:\ST\STM32CubeIDE_1.7.0\STM32CubeIDE\plugins\com.st.stm32cube.common.mx_6.3.0.202107141111\\db\
2024-11-08 19:52:09,477 [INFO] CodeEngine:239 - oldGeneratedFile, E:\BKU\Se241\CO3009_MM\Experiments\L06_2110142_Lab1\STM32_Lab1_2nd\Led_Animations2\MXTmpFiles\license.tmp_save
2024-11-08 19:52:09,543 [INFO] CodeEngine:257 - Generated code: E:\BKU\Se241\CO3009_MM\Experiments\L06_2110142_Lab1\STM32_Lab1_2nd\Led_Animations2\MXTmpFiles\license.tmp
2024-11-08 19:52:09,636 [INFO] CodeEngine:239 - oldGeneratedFile, E:\BKU\Se241\CO3009_MM\Experiments\L06_2110142_Lab1\STM32_Lab1_2nd\Led_Animations2\MXTmpFiles\gpio.tmp_save
2024-11-08 19:52:09,708 [INFO] CodeEngine:257 - Generated code: E:\BKU\Se241\CO3009_MM\Experiments\L06_2110142_Lab1\STM32_Lab1_2nd\Led_Animations2\MXTmpFiles\gpio.tmp
2024-11-08 19:52:09,752 [INFO] CodeEngine:239 - oldGeneratedFile, E:\BKU\Se241\CO3009_MM\Experiments\L06_2110142_Lab1\STM32_Lab1_2nd\Led_Animations2\Core\Src\stm32f1xx_it.c_save
2024-11-08 19:52:09,858 [INFO] CodeEngine:257 - Generated code: E:\BKU\Se241\CO3009_MM\Experiments\L06_2110142_Lab1\STM32_Lab1_2nd\Led_Animations2\Core\Src\stm32f1xx_it.c
2024-11-08 19:52:09,862 [INFO] CodeEngine:239 - oldGeneratedFile, E:\BKU\Se241\CO3009_MM\Experiments\L06_2110142_Lab1\STM32_Lab1_2nd\Led_Animations2\Core\Inc\stm32f1xx_it.h_save
2024-11-08 19:52:09,925 [INFO] CodeEngine:257 - Generated code: E:\BKU\Se241\CO3009_MM\Experiments\L06_2110142_Lab1\STM32_Lab1_2nd\Led_Animations2\Core\Inc\stm32f1xx_it.h
2024-11-08 19:52:09,943 [INFO] CodeEngine:239 - oldGeneratedFile, E:\BKU\Se241\CO3009_MM\Experiments\L06_2110142_Lab1\STM32_Lab1_2nd\Led_Animations2\Core\Src\stm32f1xx_hal_msp.c_save
2024-11-08 19:52:10,022 [INFO] CodeEngine:257 - Generated code: E:\BKU\Se241\CO3009_MM\Experiments\L06_2110142_Lab1\STM32_Lab1_2nd\Led_Animations2\Core\Src\stm32f1xx_hal_msp.c
2024-11-08 19:52:10,024 [INFO] CodeEngine:239 - oldGeneratedFile, E:\BKU\Se241\CO3009_MM\Experiments\L06_2110142_Lab1\STM32_Lab1_2nd\Led_Animations2\MXTmpFiles\system.tmp_save
2024-11-08 19:52:10,066 [INFO] CodeEngine:257 - Generated code: E:\BKU\Se241\CO3009_MM\Experiments\L06_2110142_Lab1\STM32_Lab1_2nd\Led_Animations2\MXTmpFiles\system.tmp
2024-11-08 19:52:10,078 [INFO] CodeEngine:239 - oldGeneratedFile, E:\BKU\Se241\CO3009_MM\Experiments\L06_2110142_Lab1\STM32_Lab1_2nd\Led_Animations2\Core\Inc\stm32f1xx_hal_conf.h_save
2024-11-08 19:52:10,148 [INFO] CodeEngine:257 - Generated code: E:\BKU\Se241\CO3009_MM\Experiments\L06_2110142_Lab1\STM32_Lab1_2nd\Led_Animations2\Core\Inc\stm32f1xx_hal_conf.h
2024-11-08 19:52:10,174 [INFO] CodeEngine:239 - oldGeneratedFile, E:\BKU\Se241\CO3009_MM\Experiments\L06_2110142_Lab1\STM32_Lab1_2nd\Led_Animations2\Core\Inc\main.h_save
2024-11-08 19:52:10,236 [INFO] CodeEngine:257 - Generated code: E:\BKU\Se241\CO3009_MM\Experiments\L06_2110142_Lab1\STM32_Lab1_2nd\Led_Animations2\Core\Inc\main.h
2024-11-08 19:52:10,246 [INFO] CodeEngine:239 - oldGeneratedFile, E:\BKU\Se241\CO3009_MM\Experiments\L06_2110142_Lab1\STM32_Lab1_2nd\Led_Animations2\Core\Src\main.c_save
2024-11-08 19:52:10,338 [INFO] CodeEngine:257 - Generated code: E:\BKU\Se241\CO3009_MM\Experiments\L06_2110142_Lab1\STM32_Lab1_2nd\Led_Animations2\Core\Src\main.c
2024-11-08 19:52:11,070 [INFO] ProjectBuilder:2578 - Time for Copy HAL[1] : 53mS.
2024-11-08 19:52:11,073 [INFO] ProjectBuilder:3622 - Project Generator version: 3.14.1
2024-11-08 19:52:11,946 [INFO] ConfigFileManager:1271 - The Die is : DIE412
2024-11-08 19:52:13,822 [INFO] ProjectBuilder:3789 - Time for Generating toolchain IDE Files: 2749mS.
2024-11-08 19:52:13,822 [INFO] ProjectBuilder:2457 - Time for Copy CMSIS : 0mS.
2024-11-08 19:52:13,824 [INFO] ProjectBuilder:2457 - Time for Copy CMSIS : 0mS.
